<?xml version="1.0" encoding="UTF-8"?>
<coverage generated="1697708363">
  <project timestamp="1697708363">
    <file name="/var/www/trailincalvi/src/Command/CreateUserCommand.php">
      <class name="App\Command\CreateUserCommand" namespace="global">
        <metrics complexity="9" methods="4" coveredmethods="2" conditionals="0" coveredconditionals="0" statements="39" coveredstatements="21" elements="43" coveredelements="23"/>
      </class>
      <line num="21" type="method" name="__construct" visibility="public" complexity="1" crap="1" count="1"/>
      <line num="26" type="stmt" count="1"/>
      <line num="29" type="method" name="configure" visibility="protected" complexity="1" crap="1" count="1"/>
      <line num="31" type="stmt" count="1"/>
      <line num="32" type="stmt" count="1"/>
      <line num="33" type="stmt" count="1"/>
      <line num="34" type="stmt" count="1"/>
      <line num="37" type="method" name="interact" visibility="protected" complexity="3" crap="9.18" count="1"/>
      <line num="39" type="stmt" count="1"/>
      <line num="40" type="stmt" count="0"/>
      <line num="42" type="stmt" count="0"/>
      <line num="43" type="stmt" count="0"/>
      <line num="44" type="stmt" count="0"/>
      <line num="45" type="stmt" count="0"/>
      <line num="46" type="stmt" count="0"/>
      <line num="47" type="stmt" count="0"/>
      <line num="49" type="stmt" count="0"/>
      <line num="50" type="stmt" count="0"/>
      <line num="52" type="stmt" count="0"/>
      <line num="55" type="stmt" count="1"/>
      <line num="56" type="stmt" count="0"/>
      <line num="57" type="stmt" count="0"/>
      <line num="59" type="stmt" count="0"/>
      <line num="60" type="stmt" count="0"/>
      <line num="62" type="stmt" count="0"/>
      <line num="66" type="method" name="execute" visibility="protected" complexity="4" crap="4.09" count="1"/>
      <line num="68" type="stmt" count="1"/>
      <line num="70" type="stmt" count="1"/>
      <line num="72" type="stmt" count="1"/>
      <line num="74" type="stmt" count="1"/>
      <line num="76" type="stmt" count="1"/>
      <line num="77" type="stmt" count="1"/>
      <line num="78" type="stmt" count="1"/>
      <line num="79" type="stmt" count="1"/>
      <line num="80" type="stmt" count="1"/>
      <line num="81" type="stmt" count="1"/>
      <line num="82" type="stmt" count="1"/>
      <line num="83" type="stmt" count="1"/>
      <line num="85" type="stmt" count="1"/>
      <line num="87" type="stmt" count="1"/>
      <line num="88" type="stmt" count="0"/>
      <line num="89" type="stmt" count="0"/>
      <line num="92" type="stmt" count="0"/>
      <metrics loc="96" ncloc="92" classes="1" methods="4" coveredmethods="2" conditionals="0" coveredconditionals="0" statements="39" coveredstatements="21" elements="43" coveredelements="23"/>
    </file>
    <file name="/var/www/trailincalvi/src/Controller/Admin/DashboardController.php">
      <class name="App\Controller\Admin\DashboardController" namespace="global">
        <metrics complexity="3" methods="3" coveredmethods="3" conditionals="0" coveredconditionals="0" statements="10" coveredstatements="10" elements="13" coveredelements="13"/>
      </class>
      <line num="23" type="method" name="index" visibility="public" complexity="1" crap="1" count="1"/>
      <line num="27" type="stmt" count="1"/>
      <line num="29" type="stmt" count="1"/>
      <line num="32" type="method" name="configureDashboard" visibility="public" complexity="1" crap="1" count="3"/>
      <line num="34" type="stmt" count="3"/>
      <line num="35" type="stmt" count="3"/>
      <line num="38" type="method" name="configureMenuItems" visibility="public" complexity="1" crap="1" count="2"/>
      <line num="40" type="stmt" count="2"/>
      <line num="41" type="stmt" count="2"/>
      <line num="43" type="stmt" count="2"/>
      <line num="44" type="stmt" count="2"/>
      <line num="45" type="stmt" count="2"/>
      <line num="46" type="stmt" count="2"/>
      <metrics loc="49" ncloc="45" classes="1" methods="3" coveredmethods="3" conditionals="0" coveredconditionals="0" statements="10" coveredstatements="10" elements="13" coveredelements="13"/>
    </file>
    <file name="/var/www/trailincalvi/src/Controller/Admin/MediaCrudController.php">
      <class name="App\Controller\Admin\MediaCrudController" namespace="global">
        <metrics complexity="3" methods="3" coveredmethods="2" conditionals="0" coveredconditionals="0" statements="18" coveredstatements="17" elements="21" coveredelements="19"/>
      </class>
      <line num="14" type="method" name="getEntityFqcn" visibility="public" complexity="1" crap="2" count="0"/>
      <line num="16" type="stmt" count="0"/>
      <line num="19" type="method" name="configureFields" visibility="public" complexity="1" crap="1" count="1"/>
      <line num="21" type="stmt" count="1"/>
      <line num="22" type="stmt" count="1"/>
      <line num="23" type="stmt" count="1"/>
      <line num="24" type="stmt" count="1"/>
      <line num="25" type="stmt" count="1"/>
      <line num="26" type="stmt" count="1"/>
      <line num="27" type="stmt" count="1"/>
      <line num="28" type="stmt" count="1"/>
      <line num="29" type="stmt" count="1"/>
      <line num="32" type="method" name="configureCrud" visibility="public" complexity="1" crap="1" count="1"/>
      <line num="34" type="stmt" count="1"/>
      <line num="35" type="stmt" count="1"/>
      <line num="36" type="stmt" count="1"/>
      <line num="37" type="stmt" count="1"/>
      <line num="38" type="stmt" count="1"/>
      <line num="39" type="stmt" count="1"/>
      <line num="40" type="stmt" count="1"/>
      <line num="41" type="stmt" count="1"/>
      <metrics loc="44" ncloc="44" classes="1" methods="3" coveredmethods="2" conditionals="0" coveredconditionals="0" statements="18" coveredstatements="17" elements="21" coveredelements="19"/>
    </file>
    <file name="/var/www/trailincalvi/src/Controller/Admin/PostCrudController.php">
      <class name="App\Controller\Admin\PostCrudController" namespace="global">
        <metrics complexity="3" methods="3" coveredmethods="2" conditionals="0" coveredconditionals="0" statements="17" coveredstatements="16" elements="20" coveredelements="18"/>
      </class>
      <line num="17" type="method" name="getEntityFqcn" visibility="public" complexity="1" crap="2" count="0"/>
      <line num="19" type="stmt" count="0"/>
      <line num="22" type="method" name="configureFields" visibility="public" complexity="1" crap="1" count="1"/>
      <line num="24" type="stmt" count="1"/>
      <line num="25" type="stmt" count="1"/>
      <line num="26" type="stmt" count="1"/>
      <line num="27" type="stmt" count="1"/>
      <line num="28" type="stmt" count="1"/>
      <line num="29" type="stmt" count="1"/>
      <line num="30" type="stmt" count="1"/>
      <line num="31" type="stmt" count="1"/>
      <line num="34" type="method" name="configureCrud" visibility="public" complexity="1" crap="1" count="1"/>
      <line num="36" type="stmt" count="1"/>
      <line num="37" type="stmt" count="1"/>
      <line num="38" type="stmt" count="1"/>
      <line num="39" type="stmt" count="1"/>
      <line num="40" type="stmt" count="1"/>
      <line num="41" type="stmt" count="1"/>
      <line num="42" type="stmt" count="1"/>
      <line num="43" type="stmt" count="1"/>
      <metrics loc="46" ncloc="46" classes="1" methods="3" coveredmethods="2" conditionals="0" coveredconditionals="0" statements="17" coveredstatements="16" elements="20" coveredelements="18"/>
    </file>
    <file name="/var/www/trailincalvi/src/Controller/HomeController.php">
      <class name="App\Controller\HomeController" namespace="global">
        <metrics complexity="1" methods="1" coveredmethods="1" conditionals="0" coveredconditionals="0" statements="1" coveredstatements="1" elements="2" coveredelements="2"/>
      </class>
      <line num="11" type="method" name="index" visibility="public" complexity="1" crap="1" count="1"/>
      <line num="14" type="stmt" count="1"/>
      <metrics loc="17" ncloc="17" classes="1" methods="1" coveredmethods="1" conditionals="0" coveredconditionals="0" statements="1" coveredstatements="1" elements="2" coveredelements="2"/>
    </file>
    <file name="/var/www/trailincalvi/src/Controller/SecurityController.php">
      <class name="App\Controller\SecurityController" namespace="global">
        <metrics complexity="2" methods="2" coveredmethods="1" conditionals="0" coveredconditionals="0" statements="8" coveredstatements="7" elements="10" coveredelements="8"/>
      </class>
      <line num="12" type="method" name="index" visibility="public" complexity="1" crap="1" count="2"/>
      <line num="15" type="stmt" count="2"/>
      <line num="16" type="stmt" count="2"/>
      <line num="18" type="stmt" count="2"/>
      <line num="19" type="stmt" count="2"/>
      <line num="20" type="stmt" count="2"/>
      <line num="21" type="stmt" count="2"/>
      <line num="22" type="stmt" count="2"/>
      <line num="25" type="method" name="logout" visibility="public" complexity="1" crap="2" count="0"/>
      <line num="28" type="stmt" count="0"/>
      <metrics loc="30" ncloc="30" classes="1" methods="2" coveredmethods="1" conditionals="0" coveredconditionals="0" statements="8" coveredstatements="7" elements="10" coveredelements="8"/>
    </file>
    <file name="/var/www/trailincalvi/src/Entity/Media.php">
      <class name="App\Entity\Media" namespace="global">
        <metrics complexity="8" methods="8" coveredmethods="7" conditionals="0" coveredconditionals="0" statements="11" coveredstatements="10" elements="19" coveredelements="17"/>
      </class>
      <line num="29" type="method" name="__toString" visibility="public" complexity="1" crap="2" count="0"/>
      <line num="31" type="stmt" count="0"/>
      <line num="34" type="method" name="getId" visibility="public" complexity="1" crap="1" count="1"/>
      <line num="36" type="stmt" count="1"/>
      <line num="39" type="method" name="getName" visibility="public" complexity="1" crap="1" count="1"/>
      <line num="41" type="stmt" count="1"/>
      <line num="44" type="method" name="setName" visibility="public" complexity="1" crap="1" count="2"/>
      <line num="46" type="stmt" count="2"/>
      <line num="48" type="stmt" count="2"/>
      <line num="51" type="method" name="getFilename" visibility="public" complexity="1" crap="1" count="1"/>
      <line num="53" type="stmt" count="1"/>
      <line num="56" type="method" name="setFilename" visibility="public" complexity="1" crap="1" count="2"/>
      <line num="58" type="stmt" count="2"/>
      <line num="60" type="stmt" count="2"/>
      <line num="63" type="method" name="getAltText" visibility="public" complexity="1" crap="1" count="1"/>
      <line num="65" type="stmt" count="1"/>
      <line num="68" type="method" name="setAltText" visibility="public" complexity="1" crap="1" count="2"/>
      <line num="70" type="stmt" count="2"/>
      <line num="72" type="stmt" count="2"/>
      <metrics loc="75" ncloc="75" classes="1" methods="8" coveredmethods="7" conditionals="0" coveredconditionals="0" statements="11" coveredstatements="10" elements="19" coveredelements="17"/>
    </file>
    <file name="/var/www/trailincalvi/src/Entity/Post.php">
      <class name="App\Entity\Post" namespace="global">
        <metrics complexity="16" methods="16" coveredmethods="16" conditionals="0" coveredconditionals="0" statements="23" coveredstatements="23" elements="39" coveredelements="39"/>
      </class>
      <line num="46" type="method" name="__construct" visibility="public" complexity="1" crap="1" count="1"/>
      <line num="48" type="stmt" count="1"/>
      <line num="49" type="stmt" count="1"/>
      <line num="52" type="method" name="getId" visibility="public" complexity="1" crap="1" count="1"/>
      <line num="54" type="stmt" count="1"/>
      <line num="57" type="method" name="getTitle" visibility="public" complexity="1" crap="1" count="1"/>
      <line num="59" type="stmt" count="1"/>
      <line num="62" type="method" name="setTitle" visibility="public" complexity="1" crap="1" count="1"/>
      <line num="64" type="stmt" count="1"/>
      <line num="66" type="stmt" count="1"/>
      <line num="69" type="method" name="getSlug" visibility="public" complexity="1" crap="1" count="1"/>
      <line num="71" type="stmt" count="1"/>
      <line num="74" type="method" name="setSlug" visibility="public" complexity="1" crap="1" count="1"/>
      <line num="76" type="stmt" count="1"/>
      <line num="78" type="stmt" count="1"/>
      <line num="81" type="method" name="getContent" visibility="public" complexity="1" crap="1" count="1"/>
      <line num="83" type="stmt" count="1"/>
      <line num="86" type="method" name="setContent" visibility="public" complexity="1" crap="1" count="1"/>
      <line num="88" type="stmt" count="1"/>
      <line num="90" type="stmt" count="1"/>
      <line num="93" type="method" name="getCreatedAt" visibility="public" complexity="1" crap="1" count="1"/>
      <line num="95" type="stmt" count="1"/>
      <line num="98" type="method" name="getUpdatedAt" visibility="public" complexity="1" crap="1" count="1"/>
      <line num="100" type="stmt" count="1"/>
      <line num="103" type="method" name="isPublished" visibility="public" complexity="1" crap="1" count="1"/>
      <line num="105" type="stmt" count="1"/>
      <line num="108" type="method" name="setIsPublished" visibility="public" complexity="1" crap="1" count="1"/>
      <line num="110" type="stmt" count="1"/>
      <line num="112" type="stmt" count="1"/>
      <line num="115" type="method" name="getFeaturedText" visibility="public" complexity="1" crap="1" count="1"/>
      <line num="117" type="stmt" count="1"/>
      <line num="120" type="method" name="setFeaturedText" visibility="public" complexity="1" crap="1" count="1"/>
      <line num="122" type="stmt" count="1"/>
      <line num="124" type="stmt" count="1"/>
      <line num="127" type="method" name="getFeaturedImage" visibility="public" complexity="1" crap="1" count="1"/>
      <line num="129" type="stmt" count="1"/>
      <line num="132" type="method" name="setFeaturedImage" visibility="public" complexity="1" crap="1" count="1"/>
      <line num="134" type="stmt" count="1"/>
      <line num="136" type="stmt" count="1"/>
      <metrics loc="139" ncloc="139" classes="1" methods="16" coveredmethods="16" conditionals="0" coveredconditionals="0" statements="23" coveredstatements="23" elements="39" coveredelements="39"/>
    </file>
    <file name="/var/www/trailincalvi/src/Entity/User.php">
      <class name="App\Entity\User" namespace="global">
        <metrics complexity="9" methods="9" coveredmethods="8" conditionals="0" coveredconditionals="0" statements="14" coveredstatements="13" elements="23" coveredelements="21"/>
      </class>
      <line num="33" type="method" name="getId" visibility="public" complexity="1" crap="1" count="1"/>
      <line num="35" type="stmt" count="1"/>
      <line num="38" type="method" name="getEmail" visibility="public" complexity="1" crap="1" count="2"/>
      <line num="40" type="stmt" count="2"/>
      <line num="43" type="method" name="setEmail" visibility="public" complexity="1" crap="1" count="6"/>
      <line num="45" type="stmt" count="6"/>
      <line num="47" type="stmt" count="6"/>
      <line num="50" type="method" name="getUserIdentifier" visibility="public" complexity="1" crap="1" count="4"/>
      <line num="52" type="stmt" count="4"/>
      <line num="55" type="method" name="getRoles" visibility="public" complexity="1" crap="1" count="4"/>
      <line num="57" type="stmt" count="4"/>
      <line num="59" type="stmt" count="4"/>
      <line num="61" type="stmt" count="4"/>
      <line num="64" type="method" name="setRoles" visibility="public" complexity="1" crap="1" count="6"/>
      <line num="66" type="stmt" count="6"/>
      <line num="68" type="stmt" count="6"/>
      <line num="71" type="method" name="getPassword" visibility="public" complexity="1" crap="1" count="5"/>
      <line num="73" type="stmt" count="5"/>
      <line num="76" type="method" name="setPassword" visibility="public" complexity="1" crap="1" count="6"/>
      <line num="78" type="stmt" count="6"/>
      <line num="80" type="stmt" count="6"/>
      <line num="83" type="method" name="eraseCredentials" visibility="public" complexity="1" crap="2" count="0"/>
      <line num="87" type="stmt" count="0"/>
      <metrics loc="89" ncloc="86" classes="1" methods="9" coveredmethods="8" conditionals="0" coveredconditionals="0" statements="14" coveredstatements="13" elements="23" coveredelements="21"/>
    </file>
    <file name="/var/www/trailincalvi/src/EventListener/PostSlugCreator.php">
      <class name="App\EventListener\PostSlugCreator" namespace="global">
        <metrics complexity="2" methods="2" coveredmethods="2" conditionals="0" coveredconditionals="0" statements="2" coveredstatements="2" elements="4" coveredelements="4"/>
      </class>
      <line num="14" type="method" name="__construct" visibility="public" complexity="1" crap="1" count="1"/>
      <line num="16" type="stmt" count="1"/>
      <line num="18" type="method" name="prePersist" visibility="public" complexity="1" crap="1" count="1"/>
      <line num="20" type="stmt" count="1"/>
      <metrics loc="23" ncloc="23" classes="1" methods="2" coveredmethods="2" conditionals="0" coveredconditionals="0" statements="2" coveredstatements="2" elements="4" coveredelements="4"/>
    </file>
    <file name="/var/www/trailincalvi/src/Kernel.php">
      <class name="App\Kernel" namespace="global">
        <metrics complexity="0" methods="0" coveredmethods="0" conditionals="0" coveredconditionals="0" statements="0" coveredstatements="0" elements="0" coveredelements="0"/>
      </class>
      <metrics loc="12" ncloc="12" classes="0" methods="0" coveredmethods="0" conditionals="0" coveredconditionals="0" statements="0" coveredstatements="0" elements="0" coveredelements="0"/>
    </file>
    <file name="/var/www/trailincalvi/src/Repository/MediaRepository.php">
      <class name="App\Repository\MediaRepository" namespace="global">
        <metrics complexity="1" methods="1" coveredmethods="0" conditionals="0" coveredconditionals="0" statements="1" coveredstatements="0" elements="2" coveredelements="0"/>
      </class>
      <line num="19" type="method" name="__construct" visibility="public" complexity="1" crap="2" count="0"/>
      <line num="21" type="stmt" count="0"/>
      <metrics loc="24" ncloc="16" classes="1" methods="1" coveredmethods="0" conditionals="0" coveredconditionals="0" statements="1" coveredstatements="0" elements="2" coveredelements="0"/>
    </file>
    <file name="/var/www/trailincalvi/src/Repository/PostRepository.php">
      <class name="App\Repository\PostRepository" namespace="global">
        <metrics complexity="1" methods="1" coveredmethods="0" conditionals="0" coveredconditionals="0" statements="1" coveredstatements="0" elements="2" coveredelements="0"/>
      </class>
      <line num="19" type="method" name="__construct" visibility="public" complexity="1" crap="2" count="0"/>
      <line num="21" type="stmt" count="0"/>
      <metrics loc="24" ncloc="16" classes="1" methods="1" coveredmethods="0" conditionals="0" coveredconditionals="0" statements="1" coveredstatements="0" elements="2" coveredelements="0"/>
    </file>
    <file name="/var/www/trailincalvi/src/Repository/UserRepository.php">
      <class name="App\Repository\UserRepository" namespace="global">
        <metrics complexity="1" methods="1" coveredmethods="1" conditionals="0" coveredconditionals="0" statements="1" coveredstatements="1" elements="2" coveredelements="2"/>
      </class>
      <line num="19" type="method" name="__construct" visibility="public" complexity="1" crap="1" count="4"/>
      <line num="21" type="stmt" count="4"/>
      <metrics loc="24" ncloc="16" classes="1" methods="1" coveredmethods="1" conditionals="0" coveredconditionals="0" statements="1" coveredstatements="1" elements="2" coveredelements="2"/>
    </file>
    <metrics files="14" loc="692" ncloc="657" classes="13" methods="54" coveredmethods="45" conditionals="0" coveredconditionals="0" statements="146" coveredstatements="121" elements="200" coveredelements="166"/>
  </project>
</coverage>
